<?xml version="1.0" encoding="UTF-8"?>
<testsuite name="SILab2Test" tests="1" skipped="0" failures="0" errors="0" timestamp="2022-06-03T19:54:26" hostname="Galaxy-A70.localdomain" time="0.009">
  <properties/>
  <testcase name="everyStatement()" classname="SILab2Test" time="0.009"/>
  <system-out><![CDATA[]]></system-out>
  <system-err><![CDATA[]]></system-err>
</testsuite>
